0 info it worked if it ends with ok
1 verbose cli [ 'node', '/usr/local/bin/npm', 'install', 'angular', '--save' ]
2 info using npm@3.9.0
3 info using node@v0.10.25
4 verbose node symlink /usr/bin/node
5 silly loadCurrentTree Starting
6 silly install loadCurrentTree
7 silly install readLocalPackageData
8 silly fetchPackageMetaData angular
9 silly fetchNamedPackageData angular
10 silly mapToRegistry name angular
11 silly mapToRegistry using default registry
12 silly mapToRegistry registry https://registry.npmjs.org/
13 silly mapToRegistry data { raw: 'angular',
13 silly mapToRegistry   scope: null,
13 silly mapToRegistry   name: 'angular',
13 silly mapToRegistry   rawSpec: '',
13 silly mapToRegistry   spec: 'latest',
13 silly mapToRegistry   type: 'tag' }
14 silly mapToRegistry uri https://registry.npmjs.org/angular
15 verbose request uri https://registry.npmjs.org/angular
16 verbose request no auth needed
17 info attempt registry request try #1 at 00:59:47
18 verbose request id 60ed4fc1d3ebbb10
19 verbose etag "OKF386WTQ0TYXLP5R76FAWAX"
20 http request GET https://registry.npmjs.org/angular
21 http 304 https://registry.npmjs.org/angular
22 verbose headers { date: 'Thu, 25 Aug 2016 05:59:48 GMT',
22 verbose headers   via: '1.1 varnish',
22 verbose headers   'cache-control': 'max-age=300',
22 verbose headers   etag: '"OKF386WTQ0TYXLP5R76FAWAX"',
22 verbose headers   age: '0',
22 verbose headers   connection: 'keep-alive',
22 verbose headers   'x-served-by': 'cache-gru7124-GRU',
22 verbose headers   'x-cache': 'HIT',
22 verbose headers   'x-cache-hits': '1',
22 verbose headers   'x-timer': 'S1472104788.451901,VS0,VE795',
22 verbose headers   vary: 'Accept-Encoding' }
23 silly get cb [ 304,
23 silly get   { date: 'Thu, 25 Aug 2016 05:59:48 GMT',
23 silly get     via: '1.1 varnish',
23 silly get     'cache-control': 'max-age=300',
23 silly get     etag: '"OKF386WTQ0TYXLP5R76FAWAX"',
23 silly get     age: '0',
23 silly get     connection: 'keep-alive',
23 silly get     'x-served-by': 'cache-gru7124-GRU',
23 silly get     'x-cache': 'HIT',
23 silly get     'x-cache-hits': '1',
23 silly get     'x-timer': 'S1472104788.451901,VS0,VE795',
23 silly get     vary: 'Accept-Encoding' } ]
24 verbose etag https://registry.npmjs.org/angular from cache
25 verbose get saving angular to /home/arojas/.npm/registry.npmjs.org/angular/.cache.json
26 verbose correctMkdir /home/arojas/.npm correctMkdir not in flight; initializing
27 silly install normalizeTree
28 silly loadCurrentTree Finishing
29 silly loadIdealTree Starting
30 silly install loadIdealTree
31 silly cloneCurrentTree Starting
32 silly install cloneCurrentTreeToIdealTree
33 silly cloneCurrentTree Finishing
34 silly loadShrinkwrap Starting
35 silly install loadShrinkwrap
36 silly loadShrinkwrap Finishing
37 silly loadAllDepsIntoIdealTree Starting
38 silly install loadAllDepsIntoIdealTree
39 silly resolveWithNewModule angular@1.5.8 checking installable status
40 silly cache add args [ 'angular', null ]
41 verbose cache add spec angular
42 silly cache add parsed spec { raw: 'angular',
42 silly cache add   scope: null,
42 silly cache add   name: 'angular',
42 silly cache add   rawSpec: '',
42 silly cache add   spec: 'latest',
42 silly cache add   type: 'tag' }
43 silly addNamed angular@latest
44 verbose addNamed "latest" is being treated as a dist-tag for angular
45 info addNameTag [ 'angular', 'latest' ]
46 silly mapToRegistry name angular
47 silly mapToRegistry using default registry
48 silly mapToRegistry registry https://registry.npmjs.org/
49 silly mapToRegistry data { raw: 'angular',
49 silly mapToRegistry   scope: null,
49 silly mapToRegistry   name: 'angular',
49 silly mapToRegistry   rawSpec: '',
49 silly mapToRegistry   spec: 'latest',
49 silly mapToRegistry   type: 'tag' }
50 silly mapToRegistry uri https://registry.npmjs.org/angular
51 verbose addNameTag registry:https://registry.npmjs.org/angular not in flight; fetching
52 verbose get https://registry.npmjs.org/angular not expired, no request
53 silly addNameTag next cb for angular with tag latest
54 silly addNamed angular@1.5.8
55 verbose addNamed "1.5.8" is a plain semver version for angular
56 silly cache afterAdd angular@1.5.8
57 verbose afterAdd /home/arojas/.npm/angular/1.5.8/package/package.json not in flight; writing
58 verbose correctMkdir /home/arojas/.npm correctMkdir not in flight; initializing
59 verbose afterAdd /home/arojas/.npm/angular/1.5.8/package/package.json written
60 silly fetchNamedPackageData fsevents
61 silly mapToRegistry name fsevents
62 silly mapToRegistry using default registry
63 silly mapToRegistry registry https://registry.npmjs.org/
64 silly mapToRegistry data { raw: 'fsevents',
64 silly mapToRegistry   scope: null,
64 silly mapToRegistry   name: 'fsevents',
64 silly mapToRegistry   rawSpec: '',
64 silly mapToRegistry   spec: 'latest',
64 silly mapToRegistry   type: 'tag' }
65 silly mapToRegistry uri https://registry.npmjs.org/fsevents
66 verbose request uri https://registry.npmjs.org/fsevents
67 verbose request no auth needed
68 info attempt registry request try #1 at 00:59:49
69 verbose etag "1IUUBBNAFSLRNOMEHDGNJ1LTJ"
70 http request GET https://registry.npmjs.org/fsevents
71 http 304 https://registry.npmjs.org/fsevents
72 verbose headers { date: 'Thu, 25 Aug 2016 05:59:50 GMT',
72 verbose headers   via: '1.1 varnish',
72 verbose headers   'cache-control': 'max-age=300',
72 verbose headers   etag: '"1IUUBBNAFSLRNOMEHDGNJ1LTJ"',
72 verbose headers   age: '0',
72 verbose headers   connection: 'keep-alive',
72 verbose headers   'x-served-by': 'cache-gru7127-GRU',
72 verbose headers   'x-cache': 'HIT',
72 verbose headers   'x-cache-hits': '1',
72 verbose headers   'x-timer': 'S1472104790.125576,VS0,VE794',
72 verbose headers   vary: 'Accept-Encoding' }
73 silly get cb [ 304,
73 silly get   { date: 'Thu, 25 Aug 2016 05:59:50 GMT',
73 silly get     via: '1.1 varnish',
73 silly get     'cache-control': 'max-age=300',
73 silly get     etag: '"1IUUBBNAFSLRNOMEHDGNJ1LTJ"',
73 silly get     age: '0',
73 silly get     connection: 'keep-alive',
73 silly get     'x-served-by': 'cache-gru7127-GRU',
73 silly get     'x-cache': 'HIT',
73 silly get     'x-cache-hits': '1',
73 silly get     'x-timer': 'S1472104790.125576,VS0,VE794',
73 silly get     vary: 'Accept-Encoding' } ]
74 verbose etag https://registry.npmjs.org/fsevents from cache
75 verbose get saving fsevents to /home/arojas/.npm/registry.npmjs.org/fsevents/.cache.json
76 verbose correctMkdir /home/arojas/.npm correctMkdir not in flight; initializing
77 silly resolveWithNewModule fsevents@1.0.14 checking installable status
78 silly loadAllDepsIntoIdealTree Finishing
79 silly idealTree:prePrune demounittestangular@1.0.0
79 silly idealTree:prePrune ├─┬ accepts@1.1.4
79 silly idealTree:prePrune │ ├── mime-db@1.12.0
79 silly idealTree:prePrune │ └── mime-types@2.0.14
79 silly idealTree:prePrune ├── after@0.8.1
79 silly idealTree:prePrune ├── angular-mocks@1.5.8
79 silly idealTree:prePrune ├── angular-route@1.5.8
79 silly idealTree:prePrune ├── angular@1.5.8
79 silly idealTree:prePrune ├── anymatch@1.3.0
79 silly idealTree:prePrune ├── arr-diff@2.0.0
79 silly idealTree:prePrune ├── arr-flatten@1.0.1
79 silly idealTree:prePrune ├── array-slice@0.2.3
79 silly idealTree:prePrune ├── array-unique@0.2.1
79 silly idealTree:prePrune ├── arraybuffer.slice@0.0.6
79 silly idealTree:prePrune ├── arrify@1.0.1
79 silly idealTree:prePrune ├── async-each@1.0.1
79 silly idealTree:prePrune ├── async@0.9.0
79 silly idealTree:prePrune ├── backo2@1.0.2
79 silly idealTree:prePrune ├── balanced-match@0.4.2
79 silly idealTree:prePrune ├── base64-arraybuffer@0.1.2
79 silly idealTree:prePrune ├── base64id@0.1.0
79 silly idealTree:prePrune ├── benchmark@1.0.0
79 silly idealTree:prePrune ├── better-assert@1.0.2
79 silly idealTree:prePrune ├── binary-extensions@1.5.0
79 silly idealTree:prePrune ├── blob@0.0.4
79 silly idealTree:prePrune ├── bluebird@3.4.2
79 silly idealTree:prePrune ├─┬ body-parser@1.15.2
79 silly idealTree:prePrune │ └── qs@6.2.0
79 silly idealTree:prePrune ├── brace-expansion@1.1.6
79 silly idealTree:prePrune ├── braces@1.8.5
79 silly idealTree:prePrune ├── buffer-shims@1.0.0
79 silly idealTree:prePrune ├── bytes@2.4.0
79 silly idealTree:prePrune ├── callsite@1.0.0
79 silly idealTree:prePrune ├── chokidar@1.6.0
79 silly idealTree:prePrune ├── colors@1.0.3
79 silly idealTree:prePrune ├─┬ combine-lists@1.0.0
79 silly idealTree:prePrune │ └── lodash@4.15.0
79 silly idealTree:prePrune ├── component-bind@1.0.0
79 silly idealTree:prePrune ├── component-emitter@1.1.2
79 silly idealTree:prePrune ├── component-inherit@0.0.3
79 silly idealTree:prePrune ├── concat-map@0.0.1
79 silly idealTree:prePrune ├── connect@3.4.1
79 silly idealTree:prePrune ├── content-type@1.0.2
79 silly idealTree:prePrune ├── core-js@2.4.1
79 silly idealTree:prePrune ├── core-util-is@1.0.2
79 silly idealTree:prePrune ├── corser@2.0.1
79 silly idealTree:prePrune ├── custom-event@1.0.0
79 silly idealTree:prePrune ├── debug@2.2.0
79 silly idealTree:prePrune ├── depd@1.1.0
79 silly idealTree:prePrune ├── di@0.0.1
79 silly idealTree:prePrune ├── dom-serialize@2.2.1
79 silly idealTree:prePrune ├── ecstatic@1.4.1
79 silly idealTree:prePrune ├── ee-first@1.1.1
79 silly idealTree:prePrune ├── engine.io-client@1.6.9
79 silly idealTree:prePrune ├─┬ engine.io-parser@1.2.4
79 silly idealTree:prePrune │ ├── has-binary@0.1.6
79 silly idealTree:prePrune │ └── isarray@0.0.1
79 silly idealTree:prePrune ├── engine.io@1.6.10
79 silly idealTree:prePrune ├── ent@2.2.0
79 silly idealTree:prePrune ├── escape-html@1.0.3
79 silly idealTree:prePrune ├── eventemitter3@1.2.0
79 silly idealTree:prePrune ├── exit@0.1.2
79 silly idealTree:prePrune ├─┬ expand-braces@0.1.2
79 silly idealTree:prePrune │ ├── braces@0.1.5
79 silly idealTree:prePrune │ ├── expand-range@0.1.1
79 silly idealTree:prePrune │ ├── is-number@0.1.1
79 silly idealTree:prePrune │ └── repeat-string@0.2.2
79 silly idealTree:prePrune ├── expand-brackets@0.1.5
79 silly idealTree:prePrune ├── expand-range@1.8.2
79 silly idealTree:prePrune ├── extend@3.0.0
79 silly idealTree:prePrune ├── extglob@0.3.2
79 silly idealTree:prePrune ├── filename-regex@2.0.0
79 silly idealTree:prePrune ├── fill-range@2.2.3
79 silly idealTree:prePrune ├── finalhandler@0.4.1
79 silly idealTree:prePrune ├── for-in@0.1.5
79 silly idealTree:prePrune ├── for-own@0.1.4
79 silly idealTree:prePrune ├── fs-access@1.0.0
79 silly idealTree:prePrune ├── fs.realpath@1.0.0
79 silly idealTree:prePrune ├── glob-base@0.3.0
79 silly idealTree:prePrune ├── glob-parent@2.0.0
79 silly idealTree:prePrune ├── glob@7.0.6
79 silly idealTree:prePrune ├── graceful-fs@4.1.6
79 silly idealTree:prePrune ├─┬ has-binary@0.1.7
79 silly idealTree:prePrune │ └── isarray@0.0.1
79 silly idealTree:prePrune ├── has-cors@1.1.0
79 silly idealTree:prePrune ├── he@0.5.0
79 silly idealTree:prePrune ├── http-errors@1.5.0
79 silly idealTree:prePrune ├── http-proxy@1.14.0
79 silly idealTree:prePrune ├── http-server@0.9.0
79 silly idealTree:prePrune ├── iconv-lite@0.4.13
79 silly idealTree:prePrune ├── indexof@0.0.1
79 silly idealTree:prePrune ├── inflight@1.0.5
79 silly idealTree:prePrune ├── inherits@2.0.1
79 silly idealTree:prePrune ├── is-binary-path@1.0.1
79 silly idealTree:prePrune ├── is-buffer@1.1.4
79 silly idealTree:prePrune ├── is-dotfile@1.0.2
79 silly idealTree:prePrune ├── is-equal-shallow@0.1.3
79 silly idealTree:prePrune ├── is-extendable@0.1.1
79 silly idealTree:prePrune ├── is-extglob@1.0.0
79 silly idealTree:prePrune ├── is-glob@2.0.1
79 silly idealTree:prePrune ├── is-number@2.1.0
79 silly idealTree:prePrune ├── is-posix-bracket@0.1.1
79 silly idealTree:prePrune ├── is-primitive@2.0.0
79 silly idealTree:prePrune ├── isarray@1.0.0
79 silly idealTree:prePrune ├── isbinaryfile@3.0.1
79 silly idealTree:prePrune ├── isexe@1.1.2
79 silly idealTree:prePrune ├── isobject@2.1.0
79 silly idealTree:prePrune ├── jasmine-core@2.4.1
79 silly idealTree:prePrune ├─┬ jasmine@2.4.1
79 silly idealTree:prePrune │ ├── glob@3.2.11
79 silly idealTree:prePrune │ └── minimatch@0.3.0
79 silly idealTree:prePrune ├── json3@3.2.6
79 silly idealTree:prePrune ├── karma-chrome-launcher@2.0.0
79 silly idealTree:prePrune ├── karma-jasmine@1.0.2
79 silly idealTree:prePrune ├─┬ karma@1.2.0
79 silly idealTree:prePrune │ └── colors@1.1.2
79 silly idealTree:prePrune ├── kind-of@3.0.4
79 silly idealTree:prePrune ├── lodash@3.10.1
79 silly idealTree:prePrune ├─┬ log4js@0.6.38
79 silly idealTree:prePrune │ ├── isarray@0.0.1
79 silly idealTree:prePrune │ └── readable-stream@1.0.34
79 silly idealTree:prePrune ├── lru-cache@2.2.4
79 silly idealTree:prePrune ├── media-typer@0.3.0
79 silly idealTree:prePrune ├── micromatch@2.3.11
79 silly idealTree:prePrune ├── mime-db@1.23.0
79 silly idealTree:prePrune ├── mime-types@2.1.11
79 silly idealTree:prePrune ├── mime@1.3.4
79 silly idealTree:prePrune ├── minimatch@3.0.3
79 silly idealTree:prePrune ├── minimist@1.2.0
79 silly idealTree:prePrune ├─┬ mkdirp@0.5.1
79 silly idealTree:prePrune │ └── minimist@0.0.8
79 silly idealTree:prePrune ├── ms@0.7.1
79 silly idealTree:prePrune ├── negotiator@0.4.9
79 silly idealTree:prePrune ├── normalize-path@2.0.1
79 silly idealTree:prePrune ├── null-check@1.0.0
79 silly idealTree:prePrune ├── object-component@0.0.3
79 silly idealTree:prePrune ├── object.omit@2.0.0
79 silly idealTree:prePrune ├── on-finished@2.3.0
79 silly idealTree:prePrune ├── once@1.3.3
79 silly idealTree:prePrune ├── opener@1.4.1
79 silly idealTree:prePrune ├─┬ optimist@0.6.1
79 silly idealTree:prePrune │ └── minimist@0.0.10
79 silly idealTree:prePrune ├── options@0.0.6
79 silly idealTree:prePrune ├── os-tmpdir@1.0.1
79 silly idealTree:prePrune ├── parse-glob@3.0.4
79 silly idealTree:prePrune ├── parsejson@0.0.1
79 silly idealTree:prePrune ├── parseqs@0.0.2
79 silly idealTree:prePrune ├── parseuri@0.0.4
79 silly idealTree:prePrune ├── parseurl@1.3.1
79 silly idealTree:prePrune ├── path-is-absolute@1.0.0
79 silly idealTree:prePrune ├── portfinder@0.4.0
79 silly idealTree:prePrune ├── preserve@0.2.0
79 silly idealTree:prePrune ├── process-nextick-args@1.0.7
79 silly idealTree:prePrune ├── qjobs@1.1.5
79 silly idealTree:prePrune ├── qs@2.3.3
79 silly idealTree:prePrune ├── randomatic@1.1.5
79 silly idealTree:prePrune ├── raw-body@2.1.7
79 silly idealTree:prePrune ├── readable-stream@2.1.5
79 silly idealTree:prePrune ├── readdirp@2.1.0
79 silly idealTree:prePrune ├── regex-cache@0.4.3
79 silly idealTree:prePrune ├── repeat-element@1.1.2
79 silly idealTree:prePrune ├── repeat-string@1.5.4
79 silly idealTree:prePrune ├── requires-port@1.0.0
79 silly idealTree:prePrune ├── rimraf@2.5.4
79 silly idealTree:prePrune ├── semver@4.3.6
79 silly idealTree:prePrune ├── set-immediate-shim@1.0.1
79 silly idealTree:prePrune ├── setprototypeof@1.0.1
79 silly idealTree:prePrune ├── sigmund@1.0.1
79 silly idealTree:prePrune ├─┬ socket.io-adapter@0.4.0
79 silly idealTree:prePrune │ ├── isarray@0.0.1
79 silly idealTree:prePrune │ └─┬ socket.io-parser@2.2.2
79 silly idealTree:prePrune │   └── debug@0.7.4
79 silly idealTree:prePrune ├─┬ socket.io-client@1.4.6
79 silly idealTree:prePrune │ └── component-emitter@1.2.0
79 silly idealTree:prePrune ├─┬ socket.io-parser@2.2.6
79 silly idealTree:prePrune │ ├── isarray@0.0.1
79 silly idealTree:prePrune │ └── json3@3.3.2
79 silly idealTree:prePrune ├── socket.io@1.4.7
79 silly idealTree:prePrune ├── source-map@0.5.6
79 silly idealTree:prePrune ├── statuses@1.3.0
79 silly idealTree:prePrune ├── string_decoder@0.10.31
79 silly idealTree:prePrune ├── tmp@0.0.28
79 silly idealTree:prePrune ├── to-array@0.1.4
79 silly idealTree:prePrune ├── type-is@1.6.13
79 silly idealTree:prePrune ├── ultron@1.0.2
79 silly idealTree:prePrune ├── union@0.4.4
79 silly idealTree:prePrune ├── unpipe@1.0.0
79 silly idealTree:prePrune ├── url-join@1.1.0
79 silly idealTree:prePrune ├── useragent@2.1.9
79 silly idealTree:prePrune ├── utf8@2.1.0
79 silly idealTree:prePrune ├── util-deprecate@1.0.2
79 silly idealTree:prePrune ├── utils-merge@1.0.0
79 silly idealTree:prePrune ├── void-elements@2.0.1
79 silly idealTree:prePrune ├── which@1.2.10
79 silly idealTree:prePrune ├── wordwrap@0.0.3
79 silly idealTree:prePrune ├── wrappy@1.0.2
79 silly idealTree:prePrune ├── ws@1.0.1
79 silly idealTree:prePrune ├── xmlhttprequest-ssl@1.5.1
79 silly idealTree:prePrune └── yeast@0.1.2
80 silly loadIdealTree Finishing
81 silly currentTree demounittestangular@1.0.0
81 silly currentTree ├─┬ accepts@1.1.4
81 silly currentTree │ ├── mime-db@1.12.0
81 silly currentTree │ └── mime-types@2.0.14
81 silly currentTree ├── after@0.8.1
81 silly currentTree ├── angular-mocks@1.5.8
81 silly currentTree ├── angular-route@1.5.8
81 silly currentTree ├── angular@1.5.8
81 silly currentTree ├── anymatch@1.3.0
81 silly currentTree ├── arr-diff@2.0.0
81 silly currentTree ├── arr-flatten@1.0.1
81 silly currentTree ├── array-slice@0.2.3
81 silly currentTree ├── array-unique@0.2.1
81 silly currentTree ├── arraybuffer.slice@0.0.6
81 silly currentTree ├── arrify@1.0.1
81 silly currentTree ├── async-each@1.0.1
81 silly currentTree ├── async@0.9.0
81 silly currentTree ├── backo2@1.0.2
81 silly currentTree ├── balanced-match@0.4.2
81 silly currentTree ├── base64-arraybuffer@0.1.2
81 silly currentTree ├── base64id@0.1.0
81 silly currentTree ├── benchmark@1.0.0
81 silly currentTree ├── better-assert@1.0.2
81 silly currentTree ├── binary-extensions@1.5.0
81 silly currentTree ├── blob@0.0.4
81 silly currentTree ├── bluebird@3.4.2
81 silly currentTree ├─┬ body-parser@1.15.2
81 silly currentTree │ └── qs@6.2.0
81 silly currentTree ├── brace-expansion@1.1.6
81 silly currentTree ├── braces@1.8.5
81 silly currentTree ├── buffer-shims@1.0.0
81 silly currentTree ├── bytes@2.4.0
81 silly currentTree ├── callsite@1.0.0
81 silly currentTree ├── chokidar@1.6.0
81 silly currentTree ├── colors@1.0.3
81 silly currentTree ├─┬ combine-lists@1.0.0
81 silly currentTree │ └── lodash@4.15.0
81 silly currentTree ├── component-bind@1.0.0
81 silly currentTree ├── component-emitter@1.1.2
81 silly currentTree ├── component-inherit@0.0.3
81 silly currentTree ├── concat-map@0.0.1
81 silly currentTree ├── connect@3.4.1
81 silly currentTree ├── content-type@1.0.2
81 silly currentTree ├── core-js@2.4.1
81 silly currentTree ├── core-util-is@1.0.2
81 silly currentTree ├── corser@2.0.1
81 silly currentTree ├── custom-event@1.0.0
81 silly currentTree ├── debug@2.2.0
81 silly currentTree ├── depd@1.1.0
81 silly currentTree ├── di@0.0.1
81 silly currentTree ├── dom-serialize@2.2.1
81 silly currentTree ├── ecstatic@1.4.1
81 silly currentTree ├── ee-first@1.1.1
81 silly currentTree ├── engine.io-client@1.6.9
81 silly currentTree ├─┬ engine.io-parser@1.2.4
81 silly currentTree │ ├── has-binary@0.1.6
81 silly currentTree │ └── isarray@0.0.1
81 silly currentTree ├── engine.io@1.6.10
81 silly currentTree ├── ent@2.2.0
81 silly currentTree ├── escape-html@1.0.3
81 silly currentTree ├── eventemitter3@1.2.0
81 silly currentTree ├── exit@0.1.2
81 silly currentTree ├─┬ expand-braces@0.1.2
81 silly currentTree │ ├── braces@0.1.5
81 silly currentTree │ ├── expand-range@0.1.1
81 silly currentTree │ ├── is-number@0.1.1
81 silly currentTree │ └── repeat-string@0.2.2
81 silly currentTree ├── expand-brackets@0.1.5
81 silly currentTree ├── expand-range@1.8.2
81 silly currentTree ├── extend@3.0.0
81 silly currentTree ├── extglob@0.3.2
81 silly currentTree ├── filename-regex@2.0.0
81 silly currentTree ├── fill-range@2.2.3
81 silly currentTree ├── finalhandler@0.4.1
81 silly currentTree ├── for-in@0.1.5
81 silly currentTree ├── for-own@0.1.4
81 silly currentTree ├── fs-access@1.0.0
81 silly currentTree ├── fs.realpath@1.0.0
81 silly currentTree ├── glob-base@0.3.0
81 silly currentTree ├── glob-parent@2.0.0
81 silly currentTree ├── glob@7.0.6
81 silly currentTree ├── graceful-fs@4.1.6
81 silly currentTree ├─┬ has-binary@0.1.7
81 silly currentTree │ └── isarray@0.0.1
81 silly currentTree ├── has-cors@1.1.0
81 silly currentTree ├── he@0.5.0
81 silly currentTree ├── http-errors@1.5.0
81 silly currentTree ├── http-proxy@1.14.0
81 silly currentTree ├── http-server@0.9.0
81 silly currentTree ├── iconv-lite@0.4.13
81 silly currentTree ├── indexof@0.0.1
81 silly currentTree ├── inflight@1.0.5
81 silly currentTree ├── inherits@2.0.1
81 silly currentTree ├── is-binary-path@1.0.1
81 silly currentTree ├── is-buffer@1.1.4
81 silly currentTree ├── is-dotfile@1.0.2
81 silly currentTree ├── is-equal-shallow@0.1.3
81 silly currentTree ├── is-extendable@0.1.1
81 silly currentTree ├── is-extglob@1.0.0
81 silly currentTree ├── is-glob@2.0.1
81 silly currentTree ├── is-number@2.1.0
81 silly currentTree ├── is-posix-bracket@0.1.1
81 silly currentTree ├── is-primitive@2.0.0
81 silly currentTree ├── isarray@1.0.0
81 silly currentTree ├── isbinaryfile@3.0.1
81 silly currentTree ├── isexe@1.1.2
81 silly currentTree ├── isobject@2.1.0
81 silly currentTree ├── jasmine-core@2.4.1
81 silly currentTree ├─┬ jasmine@2.4.1
81 silly currentTree │ ├── glob@3.2.11
81 silly currentTree │ └── minimatch@0.3.0
81 silly currentTree ├── json3@3.2.6
81 silly currentTree ├── karma-chrome-launcher@2.0.0
81 silly currentTree ├── karma-jasmine@1.0.2
81 silly currentTree ├─┬ karma@1.2.0
81 silly currentTree │ └── colors@1.1.2
81 silly currentTree ├── kind-of@3.0.4
81 silly currentTree ├── lodash@3.10.1
81 silly currentTree ├─┬ log4js@0.6.38
81 silly currentTree │ ├── isarray@0.0.1
81 silly currentTree │ └── readable-stream@1.0.34
81 silly currentTree ├── lru-cache@2.2.4
81 silly currentTree ├── media-typer@0.3.0
81 silly currentTree ├── micromatch@2.3.11
81 silly currentTree ├── mime-db@1.23.0
81 silly currentTree ├── mime-types@2.1.11
81 silly currentTree ├── mime@1.3.4
81 silly currentTree ├── minimatch@3.0.3
81 silly currentTree ├── minimist@1.2.0
81 silly currentTree ├─┬ mkdirp@0.5.1
81 silly currentTree │ └── minimist@0.0.8
81 silly currentTree ├── ms@0.7.1
81 silly currentTree ├── negotiator@0.4.9
81 silly currentTree ├── normalize-path@2.0.1
81 silly currentTree ├── null-check@1.0.0
81 silly currentTree ├── object-component@0.0.3
81 silly currentTree ├── object.omit@2.0.0
81 silly currentTree ├── on-finished@2.3.0
81 silly currentTree ├── once@1.3.3
81 silly currentTree ├── opener@1.4.1
81 silly currentTree ├─┬ optimist@0.6.1
81 silly currentTree │ └── minimist@0.0.10
81 silly currentTree ├── options@0.0.6
81 silly currentTree ├── os-tmpdir@1.0.1
81 silly currentTree ├── parse-glob@3.0.4
81 silly currentTree ├── parsejson@0.0.1
81 silly currentTree ├── parseqs@0.0.2
81 silly currentTree ├── parseuri@0.0.4
81 silly currentTree ├── parseurl@1.3.1
81 silly currentTree ├── path-is-absolute@1.0.0
81 silly currentTree ├── portfinder@0.4.0
81 silly currentTree ├── preserve@0.2.0
81 silly currentTree ├── process-nextick-args@1.0.7
81 silly currentTree ├── qjobs@1.1.5
81 silly currentTree ├── qs@2.3.3
81 silly currentTree ├── randomatic@1.1.5
81 silly currentTree ├── raw-body@2.1.7
81 silly currentTree ├── readable-stream@2.1.5
81 silly currentTree ├── readdirp@2.1.0
81 silly currentTree ├── regex-cache@0.4.3
81 silly currentTree ├── repeat-element@1.1.2
81 silly currentTree ├── repeat-string@1.5.4
81 silly currentTree ├── requires-port@1.0.0
81 silly currentTree ├── rimraf@2.5.4
81 silly currentTree ├── semver@4.3.6
81 silly currentTree ├── set-immediate-shim@1.0.1
81 silly currentTree ├── setprototypeof@1.0.1
81 silly currentTree ├── sigmund@1.0.1
81 silly currentTree ├─┬ socket.io-adapter@0.4.0
81 silly currentTree │ ├── isarray@0.0.1
81 silly currentTree │ └─┬ socket.io-parser@2.2.2
81 silly currentTree │   └── debug@0.7.4
81 silly currentTree ├─┬ socket.io-client@1.4.6
81 silly currentTree │ └── component-emitter@1.2.0
81 silly currentTree ├─┬ socket.io-parser@2.2.6
81 silly currentTree │ ├── isarray@0.0.1
81 silly currentTree │ └── json3@3.3.2
81 silly currentTree ├── socket.io@1.4.7
81 silly currentTree ├── source-map@0.5.6
81 silly currentTree ├── statuses@1.3.0
81 silly currentTree ├── string_decoder@0.10.31
81 silly currentTree ├── tmp@0.0.28
81 silly currentTree ├── to-array@0.1.4
81 silly currentTree ├── type-is@1.6.13
81 silly currentTree ├── ultron@1.0.2
81 silly currentTree ├── union@0.4.4
81 silly currentTree ├── unpipe@1.0.0
81 silly currentTree ├── url-join@1.1.0
81 silly currentTree ├── useragent@2.1.9
81 silly currentTree ├── utf8@2.1.0
81 silly currentTree ├── util-deprecate@1.0.2
81 silly currentTree ├── utils-merge@1.0.0
81 silly currentTree ├── void-elements@2.0.1
81 silly currentTree ├── which@1.2.10
81 silly currentTree ├── wordwrap@0.0.3
81 silly currentTree ├── wrappy@1.0.2
81 silly currentTree ├── ws@1.0.1
81 silly currentTree ├── xmlhttprequest-ssl@1.5.1
81 silly currentTree └── yeast@0.1.2
82 silly idealTree demounittestangular@1.0.0
82 silly idealTree ├─┬ accepts@1.1.4
82 silly idealTree │ ├── mime-db@1.12.0
82 silly idealTree │ └── mime-types@2.0.14
82 silly idealTree ├── after@0.8.1
82 silly idealTree ├── angular-mocks@1.5.8
82 silly idealTree ├── angular-route@1.5.8
82 silly idealTree ├── angular@1.5.8
82 silly idealTree ├── anymatch@1.3.0
82 silly idealTree ├── arr-diff@2.0.0
82 silly idealTree ├── arr-flatten@1.0.1
82 silly idealTree ├── array-slice@0.2.3
82 silly idealTree ├── array-unique@0.2.1
82 silly idealTree ├── arraybuffer.slice@0.0.6
82 silly idealTree ├── arrify@1.0.1
82 silly idealTree ├── async-each@1.0.1
82 silly idealTree ├── async@0.9.0
82 silly idealTree ├── backo2@1.0.2
82 silly idealTree ├── balanced-match@0.4.2
82 silly idealTree ├── base64-arraybuffer@0.1.2
82 silly idealTree ├── base64id@0.1.0
82 silly idealTree ├── benchmark@1.0.0
82 silly idealTree ├── better-assert@1.0.2
82 silly idealTree ├── binary-extensions@1.5.0
82 silly idealTree ├── blob@0.0.4
82 silly idealTree ├── bluebird@3.4.2
82 silly idealTree ├─┬ body-parser@1.15.2
82 silly idealTree │ └── qs@6.2.0
82 silly idealTree ├── brace-expansion@1.1.6
82 silly idealTree ├── braces@1.8.5
82 silly idealTree ├── buffer-shims@1.0.0
82 silly idealTree ├── bytes@2.4.0
82 silly idealTree ├── callsite@1.0.0
82 silly idealTree ├── chokidar@1.6.0
82 silly idealTree ├── colors@1.0.3
82 silly idealTree ├─┬ combine-lists@1.0.0
82 silly idealTree │ └── lodash@4.15.0
82 silly idealTree ├── component-bind@1.0.0
82 silly idealTree ├── component-emitter@1.1.2
82 silly idealTree ├── component-inherit@0.0.3
82 silly idealTree ├── concat-map@0.0.1
82 silly idealTree ├── connect@3.4.1
82 silly idealTree ├── content-type@1.0.2
82 silly idealTree ├── core-js@2.4.1
82 silly idealTree ├── core-util-is@1.0.2
82 silly idealTree ├── corser@2.0.1
82 silly idealTree ├── custom-event@1.0.0
82 silly idealTree ├── debug@2.2.0
82 silly idealTree ├── depd@1.1.0
82 silly idealTree ├── di@0.0.1
82 silly idealTree ├── dom-serialize@2.2.1
82 silly idealTree ├── ecstatic@1.4.1
82 silly idealTree ├── ee-first@1.1.1
82 silly idealTree ├── engine.io-client@1.6.9
82 silly idealTree ├─┬ engine.io-parser@1.2.4
82 silly idealTree │ ├── has-binary@0.1.6
82 silly idealTree │ └── isarray@0.0.1
82 silly idealTree ├── engine.io@1.6.10
82 silly idealTree ├── ent@2.2.0
82 silly idealTree ├── escape-html@1.0.3
82 silly idealTree ├── eventemitter3@1.2.0
82 silly idealTree ├── exit@0.1.2
82 silly idealTree ├─┬ expand-braces@0.1.2
82 silly idealTree │ ├── braces@0.1.5
82 silly idealTree │ ├── expand-range@0.1.1
82 silly idealTree │ ├── is-number@0.1.1
82 silly idealTree │ └── repeat-string@0.2.2
82 silly idealTree ├── expand-brackets@0.1.5
82 silly idealTree ├── expand-range@1.8.2
82 silly idealTree ├── extend@3.0.0
82 silly idealTree ├── extglob@0.3.2
82 silly idealTree ├── filename-regex@2.0.0
82 silly idealTree ├── fill-range@2.2.3
82 silly idealTree ├── finalhandler@0.4.1
82 silly idealTree ├── for-in@0.1.5
82 silly idealTree ├── for-own@0.1.4
82 silly idealTree ├── fs-access@1.0.0
82 silly idealTree ├── fs.realpath@1.0.0
82 silly idealTree ├── glob-base@0.3.0
82 silly idealTree ├── glob-parent@2.0.0
82 silly idealTree ├── glob@7.0.6
82 silly idealTree ├── graceful-fs@4.1.6
82 silly idealTree ├─┬ has-binary@0.1.7
82 silly idealTree │ └── isarray@0.0.1
82 silly idealTree ├── has-cors@1.1.0
82 silly idealTree ├── he@0.5.0
82 silly idealTree ├── http-errors@1.5.0
82 silly idealTree ├── http-proxy@1.14.0
82 silly idealTree ├── http-server@0.9.0
82 silly idealTree ├── iconv-lite@0.4.13
82 silly idealTree ├── indexof@0.0.1
82 silly idealTree ├── inflight@1.0.5
82 silly idealTree ├── inherits@2.0.1
82 silly idealTree ├── is-binary-path@1.0.1
82 silly idealTree ├── is-buffer@1.1.4
82 silly idealTree ├── is-dotfile@1.0.2
82 silly idealTree ├── is-equal-shallow@0.1.3
82 silly idealTree ├── is-extendable@0.1.1
82 silly idealTree ├── is-extglob@1.0.0
82 silly idealTree ├── is-glob@2.0.1
82 silly idealTree ├── is-number@2.1.0
82 silly idealTree ├── is-posix-bracket@0.1.1
82 silly idealTree ├── is-primitive@2.0.0
82 silly idealTree ├── isarray@1.0.0
82 silly idealTree ├── isbinaryfile@3.0.1
82 silly idealTree ├── isexe@1.1.2
82 silly idealTree ├── isobject@2.1.0
82 silly idealTree ├── jasmine-core@2.4.1
82 silly idealTree ├─┬ jasmine@2.4.1
82 silly idealTree │ ├── glob@3.2.11
82 silly idealTree │ └── minimatch@0.3.0
82 silly idealTree ├── json3@3.2.6
82 silly idealTree ├── karma-chrome-launcher@2.0.0
82 silly idealTree ├── karma-jasmine@1.0.2
82 silly idealTree ├─┬ karma@1.2.0
82 silly idealTree │ └── colors@1.1.2
82 silly idealTree ├── kind-of@3.0.4
82 silly idealTree ├── lodash@3.10.1
82 silly idealTree ├─┬ log4js@0.6.38
82 silly idealTree │ ├── isarray@0.0.1
82 silly idealTree │ └── readable-stream@1.0.34
82 silly idealTree ├── lru-cache@2.2.4
82 silly idealTree ├── media-typer@0.3.0
82 silly idealTree ├── micromatch@2.3.11
82 silly idealTree ├── mime-db@1.23.0
82 silly idealTree ├── mime-types@2.1.11
82 silly idealTree ├── mime@1.3.4
82 silly idealTree ├── minimatch@3.0.3
82 silly idealTree ├── minimist@1.2.0
82 silly idealTree ├─┬ mkdirp@0.5.1
82 silly idealTree │ └── minimist@0.0.8
82 silly idealTree ├── ms@0.7.1
82 silly idealTree ├── negotiator@0.4.9
82 silly idealTree ├── normalize-path@2.0.1
82 silly idealTree ├── null-check@1.0.0
82 silly idealTree ├── object-component@0.0.3
82 silly idealTree ├── object.omit@2.0.0
82 silly idealTree ├── on-finished@2.3.0
82 silly idealTree ├── once@1.3.3
82 silly idealTree ├── opener@1.4.1
82 silly idealTree ├─┬ optimist@0.6.1
82 silly idealTree │ └── minimist@0.0.10
82 silly idealTree ├── options@0.0.6
82 silly idealTree ├── os-tmpdir@1.0.1
82 silly idealTree ├── parse-glob@3.0.4
82 silly idealTree ├── parsejson@0.0.1
82 silly idealTree ├── parseqs@0.0.2
82 silly idealTree ├── parseuri@0.0.4
82 silly idealTree ├── parseurl@1.3.1
82 silly idealTree ├── path-is-absolute@1.0.0
82 silly idealTree ├── portfinder@0.4.0
82 silly idealTree ├── preserve@0.2.0
82 silly idealTree ├── process-nextick-args@1.0.7
82 silly idealTree ├── qjobs@1.1.5
82 silly idealTree ├── qs@2.3.3
82 silly idealTree ├── randomatic@1.1.5
82 silly idealTree ├── raw-body@2.1.7
82 silly idealTree ├── readable-stream@2.1.5
82 silly idealTree ├── readdirp@2.1.0
82 silly idealTree ├── regex-cache@0.4.3
82 silly idealTree ├── repeat-element@1.1.2
82 silly idealTree ├── repeat-string@1.5.4
82 silly idealTree ├── requires-port@1.0.0
82 silly idealTree ├── rimraf@2.5.4
82 silly idealTree ├── semver@4.3.6
82 silly idealTree ├── set-immediate-shim@1.0.1
82 silly idealTree ├── setprototypeof@1.0.1
82 silly idealTree ├── sigmund@1.0.1
82 silly idealTree ├─┬ socket.io-adapter@0.4.0
82 silly idealTree │ ├── isarray@0.0.1
82 silly idealTree │ └─┬ socket.io-parser@2.2.2
82 silly idealTree │   └── debug@0.7.4
82 silly idealTree ├─┬ socket.io-client@1.4.6
82 silly idealTree │ └── component-emitter@1.2.0
82 silly idealTree ├─┬ socket.io-parser@2.2.6
82 silly idealTree │ ├── isarray@0.0.1
82 silly idealTree │ └── json3@3.3.2
82 silly idealTree ├── socket.io@1.4.7
82 silly idealTree ├── source-map@0.5.6
82 silly idealTree ├── statuses@1.3.0
82 silly idealTree ├── string_decoder@0.10.31
82 silly idealTree ├── tmp@0.0.28
82 silly idealTree ├── to-array@0.1.4
82 silly idealTree ├── type-is@1.6.13
82 silly idealTree ├── ultron@1.0.2
82 silly idealTree ├── union@0.4.4
82 silly idealTree ├── unpipe@1.0.0
82 silly idealTree ├── url-join@1.1.0
82 silly idealTree ├── useragent@2.1.9
82 silly idealTree ├── utf8@2.1.0
82 silly idealTree ├── util-deprecate@1.0.2
82 silly idealTree ├── utils-merge@1.0.0
82 silly idealTree ├── void-elements@2.0.1
82 silly idealTree ├── which@1.2.10
82 silly idealTree ├── wordwrap@0.0.3
82 silly idealTree ├── wrappy@1.0.2
82 silly idealTree ├── ws@1.0.1
82 silly idealTree ├── xmlhttprequest-ssl@1.5.1
82 silly idealTree └── yeast@0.1.2
83 silly generateActionsToTake Starting
84 silly install generateActionsToTake
85 silly generateActionsToTake Finishing
86 silly diffTrees action count 4
87 silly diffTrees update angular-mocks@1.5.8
88 silly diffTrees update angular-route@1.5.8
89 silly diffTrees update http-server@0.9.0
90 silly diffTrees update jasmine@2.4.1
91 silly decomposeActions action count 32
92 silly decomposeActions fetch angular-mocks@1.5.8
93 silly decomposeActions extract angular-mocks@1.5.8
94 silly decomposeActions test angular-mocks@1.5.8
95 silly decomposeActions preinstall angular-mocks@1.5.8
96 silly decomposeActions build angular-mocks@1.5.8
97 silly decomposeActions install angular-mocks@1.5.8
98 silly decomposeActions postinstall angular-mocks@1.5.8
99 silly decomposeActions finalize angular-mocks@1.5.8
100 silly decomposeActions fetch angular-route@1.5.8
101 silly decomposeActions extract angular-route@1.5.8
102 silly decomposeActions test angular-route@1.5.8
103 silly decomposeActions preinstall angular-route@1.5.8
104 silly decomposeActions build angular-route@1.5.8
105 silly decomposeActions install angular-route@1.5.8
106 silly decomposeActions postinstall angular-route@1.5.8
107 silly decomposeActions finalize angular-route@1.5.8
108 silly decomposeActions fetch http-server@0.9.0
109 silly decomposeActions extract http-server@0.9.0
110 silly decomposeActions test http-server@0.9.0
111 silly decomposeActions preinstall http-server@0.9.0
112 silly decomposeActions build http-server@0.9.0
113 silly decomposeActions install http-server@0.9.0
114 silly decomposeActions postinstall http-server@0.9.0
115 silly decomposeActions finalize http-server@0.9.0
116 silly decomposeActions fetch jasmine@2.4.1
117 silly decomposeActions extract jasmine@2.4.1
118 silly decomposeActions test jasmine@2.4.1
119 silly decomposeActions preinstall jasmine@2.4.1
120 silly decomposeActions build jasmine@2.4.1
121 silly decomposeActions install jasmine@2.4.1
122 silly decomposeActions postinstall jasmine@2.4.1
123 silly decomposeActions finalize jasmine@2.4.1
124 silly executeActions Starting
125 silly install executeActions
126 silly doSerial global-install 0
127 silly doParallel fetch 4
128 verbose correctMkdir /home/arojas/.npm/_locks correctMkdir not in flight; initializing
129 verbose lock using /home/arojas/.npm/_locks/staging-49be0d204e585f45.lock for /home/arojas/Projects/DemoUnitTestAngular/node_modules/.staging
130 silly doParallel extract 4
131 silly extract angular-mocks@1.5.8
132 silly extract angular-route@1.5.8
133 silly extract http-server@0.9.0
134 silly extract jasmine@2.4.1
135 verbose unbuild node_modules/.staging/angular-mocks-62cffb2d
136 verbose unbuild node_modules/.staging/angular-route-9fbad24e
137 verbose unbuild node_modules/.staging/http-server-7aaa30c1
138 verbose unbuild node_modules/.staging/jasmine-ff46e4ae
139 silly gentlyRm /home/arojas/Projects/DemoUnitTestAngular/node_modules/.staging/angular-mocks-62cffb2d is being purged from base /home/arojas/Projects/DemoUnitTestAngular
140 verbose gentlyRm don't care about contents; nuking /home/arojas/Projects/DemoUnitTestAngular/node_modules/.staging/angular-mocks-62cffb2d
141 silly gentlyRm /home/arojas/Projects/DemoUnitTestAngular/node_modules/.staging/angular-route-9fbad24e is being purged from base /home/arojas/Projects/DemoUnitTestAngular
142 verbose gentlyRm don't care about contents; nuking /home/arojas/Projects/DemoUnitTestAngular/node_modules/.staging/angular-route-9fbad24e
143 verbose tar unpack /home/arojas/.npm/angular-mocks/1.5.8/package.tgz
144 verbose tar unpacking to /home/arojas/Projects/DemoUnitTestAngular/node_modules/.staging/angular-mocks-62cffb2d
145 silly gentlyRm /home/arojas/Projects/DemoUnitTestAngular/node_modules/.staging/angular-mocks-62cffb2d is being purged
146 verbose gentlyRm don't care about contents; nuking /home/arojas/Projects/DemoUnitTestAngular/node_modules/.staging/angular-mocks-62cffb2d
147 verbose tar unpack /home/arojas/.npm/angular-route/1.5.8/package.tgz
148 verbose tar unpacking to /home/arojas/Projects/DemoUnitTestAngular/node_modules/.staging/angular-route-9fbad24e
149 silly gentlyRm /home/arojas/Projects/DemoUnitTestAngular/node_modules/.staging/angular-route-9fbad24e is being purged
150 verbose gentlyRm don't care about contents; nuking /home/arojas/Projects/DemoUnitTestAngular/node_modules/.staging/angular-route-9fbad24e
151 silly gentlyRm /home/arojas/Projects/DemoUnitTestAngular/node_modules/.staging/http-server-7aaa30c1 is being purged from base /home/arojas/Projects/DemoUnitTestAngular
152 verbose gentlyRm don't care about contents; nuking /home/arojas/Projects/DemoUnitTestAngular/node_modules/.staging/http-server-7aaa30c1
153 silly gentlyRm /home/arojas/Projects/DemoUnitTestAngular/node_modules/.staging/jasmine-ff46e4ae is being purged from base /home/arojas/Projects/DemoUnitTestAngular
154 verbose gentlyRm don't care about contents; nuking /home/arojas/Projects/DemoUnitTestAngular/node_modules/.staging/jasmine-ff46e4ae
155 silly gunzTarPerm modes [ '775', '664' ]
156 silly gunzTarPerm modes [ '775', '664' ]
157 verbose tar unpack /home/arojas/.npm/http-server/0.9.0/package.tgz
158 verbose tar unpacking to /home/arojas/Projects/DemoUnitTestAngular/node_modules/.staging/http-server-7aaa30c1
159 silly gentlyRm /home/arojas/Projects/DemoUnitTestAngular/node_modules/.staging/http-server-7aaa30c1 is being purged
160 verbose gentlyRm don't care about contents; nuking /home/arojas/Projects/DemoUnitTestAngular/node_modules/.staging/http-server-7aaa30c1
161 verbose tar unpack /home/arojas/.npm/jasmine/2.4.1/package.tgz
162 verbose tar unpacking to /home/arojas/Projects/DemoUnitTestAngular/node_modules/.staging/jasmine-ff46e4ae
163 silly gentlyRm /home/arojas/Projects/DemoUnitTestAngular/node_modules/.staging/jasmine-ff46e4ae is being purged
164 verbose gentlyRm don't care about contents; nuking /home/arojas/Projects/DemoUnitTestAngular/node_modules/.staging/jasmine-ff46e4ae
165 silly gunzTarPerm modes [ '775', '664' ]
166 silly gunzTarPerm modes [ '775', '664' ]
167 silly gunzTarPerm extractEntry package.json
168 silly gunzTarPerm modified mode [ 'package.json', 420, 436 ]
169 silly gunzTarPerm extractEntry package.json
170 silly gunzTarPerm modified mode [ 'package.json', 420, 436 ]
171 silly gunzTarPerm extractEntry package.json
172 silly gunzTarPerm modified mode [ 'package.json', 420, 436 ]
173 silly gunzTarPerm extractEntry package.json
174 silly gunzTarPerm modified mode [ 'package.json', 420, 436 ]
175 silly gunzTarPerm extractEntry README.md
176 silly gunzTarPerm modified mode [ 'README.md', 420, 436 ]
177 silly gunzTarPerm extractEntry angular-mocks.js
178 silly gunzTarPerm modified mode [ 'angular-mocks.js', 420, 436 ]
179 silly gunzTarPerm extractEntry README.md
180 silly gunzTarPerm modified mode [ 'README.md', 420, 436 ]
181 silly gunzTarPerm extractEntry angular-route.js
182 silly gunzTarPerm modified mode [ 'angular-route.js', 420, 436 ]
183 silly gunzTarPerm extractEntry .npmignore
184 silly gunzTarPerm modified mode [ '.npmignore', 420, 436 ]
185 silly gunzTarPerm extractEntry README.md
186 silly gunzTarPerm modified mode [ 'README.md', 420, 436 ]
187 silly gunzTarPerm extractEntry README.md
188 silly gunzTarPerm modified mode [ 'README.md', 420, 436 ]
189 silly gunzTarPerm extractEntry Gruntfile.js
190 silly gunzTarPerm modified mode [ 'Gruntfile.js', 420, 436 ]
191 silly gunzTarPerm extractEntry ngAnimateMock.js
192 silly gunzTarPerm modified mode [ 'ngAnimateMock.js', 420, 436 ]
193 silly gunzTarPerm extractEntry angular-route.min.js
194 silly gunzTarPerm modified mode [ 'angular-route.min.js', 420, 436 ]
195 silly gunzTarPerm extractEntry lib/command.js
196 silly gunzTarPerm modified mode [ 'lib/command.js', 420, 436 ]
197 silly gunzTarPerm extractEntry lib/exit.js
198 silly gunzTarPerm modified mode [ 'lib/exit.js', 420, 436 ]
199 silly gunzTarPerm extractEntry LICENSE
200 silly gunzTarPerm modified mode [ 'LICENSE', 420, 436 ]
201 silly gunzTarPerm extractEntry ngMock.js
202 silly gunzTarPerm modified mode [ 'ngMock.js', 420, 436 ]
203 silly gunzTarPerm extractEntry ngMockE2E.js
204 silly gunzTarPerm modified mode [ 'ngMockE2E.js', 420, 436 ]
205 silly gunzTarPerm extractEntry LICENSE.md
206 silly gunzTarPerm modified mode [ 'LICENSE.md', 420, 436 ]
207 silly gunzTarPerm extractEntry index.js
208 silly gunzTarPerm modified mode [ 'index.js', 420, 436 ]
209 silly gunzTarPerm extractEntry LICENSE.md
210 silly gunzTarPerm modified mode [ 'LICENSE.md', 420, 436 ]
211 silly gunzTarPerm extractEntry angular-route.min.js.map
212 silly gunzTarPerm modified mode [ 'angular-route.min.js.map', 420, 436 ]
213 silly gunzTarPerm extractEntry lib/http-server.js
214 silly gunzTarPerm modified mode [ 'lib/http-server.js', 420, 436 ]
215 silly gunzTarPerm extractEntry bin/http-server
216 silly gunzTarPerm modified mode [ 'bin/http-server', 493, 509 ]
217 silly gunzTarPerm extractEntry lib/jasmine.js
218 silly gunzTarPerm modified mode [ 'lib/jasmine.js', 420, 436 ]
219 silly gunzTarPerm extractEntry lib/printDeprecation.js
220 silly gunzTarPerm modified mode [ 'lib/printDeprecation.js', 420, 436 ]
221 silly gunzTarPerm extractEntry lib/examples/jasmine.json
222 silly gunzTarPerm modified mode [ 'lib/examples/jasmine.json', 420, 436 ]
223 silly gunzTarPerm extractEntry lib/filters/console_spec_filter.js
224 silly gunzTarPerm modified mode [ 'lib/filters/console_spec_filter.js', 420, 436 ]
225 silly gunzTarPerm extractEntry lib/reporters/console_reporter.js
226 silly gunzTarPerm modified mode [ 'lib/reporters/console_reporter.js', 420, 436 ]
227 silly gunzTarPerm extractEntry lib/reporters/exit_code_reporter.js
228 silly gunzTarPerm modified mode [ 'lib/reporters/exit_code_reporter.js', 420, 436 ]
229 silly gunzTarPerm extractEntry bin/jasmine.js
230 silly gunzTarPerm modified mode [ 'bin/jasmine.js', 493, 509 ]
231 silly gunzTarPerm extractEntry .travis.yml
232 silly gunzTarPerm modified mode [ '.travis.yml', 420, 436 ]
233 silly gunzTarPerm extractEntry tasks/jasmine.js
234 silly gunzTarPerm modified mode [ 'tasks/jasmine.js', 420, 436 ]
235 silly gunzTarPerm extractEntry screenshots/directory.png
236 silly gunzTarPerm modified mode [ 'screenshots/directory.png', 420, 436 ]
237 silly gunzTarPerm extractEntry screenshots/public.png
238 silly gunzTarPerm modified mode [ 'screenshots/public.png', 420, 436 ]
239 silly gunzTarPerm extractEntry bower.json
240 silly gunzTarPerm modified mode [ 'bower.json', 420, 436 ]
241 silly gunzTarPerm extractEntry bower.json
242 silly gunzTarPerm modified mode [ 'bower.json', 420, 436 ]
243 silly gunzTarPerm extractEntry screenshots/start.png
244 silly gunzTarPerm modified mode [ 'screenshots/start.png', 420, 436 ]
245 silly gunzTarPerm extractEntry .travis.yml
246 silly gunzTarPerm modified mode [ '.travis.yml', 420, 436 ]
247 silly gunzTarPerm extractEntry public/404.html
248 silly gunzTarPerm modified mode [ 'public/404.html', 420, 436 ]
249 silly gunzTarPerm extractEntry public/img/turtle.png
250 silly gunzTarPerm modified mode [ 'public/img/turtle.png', 420, 436 ]
251 silly gunzTarPerm extractEntry public/index.html
252 silly gunzTarPerm modified mode [ 'public/index.html', 420, 436 ]
253 silly gunzTarPerm extractEntry test/http-server-test.js
254 silly gunzTarPerm modified mode [ 'test/http-server-test.js', 420, 436 ]
255 silly gunzTarPerm extractEntry test/fixtures/root/canYouSeeMe
256 silly gunzTarPerm modified mode [ 'test/fixtures/root/canYouSeeMe', 420, 436 ]
257 silly gunzTarPerm extractEntry test/fixtures/root/file
258 silly gunzTarPerm modified mode [ 'test/fixtures/root/file', 420, 436 ]
259 silly gentlyRm /home/arojas/Projects/DemoUnitTestAngular/node_modules/.staging/jasmine-ff46e4ae/node_modules is being purged
260 verbose gentlyRm don't care about contents; nuking /home/arojas/Projects/DemoUnitTestAngular/node_modules/.staging/jasmine-ff46e4ae/node_modules
261 silly gentlyRm /home/arojas/Projects/DemoUnitTestAngular/node_modules/.staging/angular-route-9fbad24e/node_modules is being purged
262 verbose gentlyRm don't care about contents; nuking /home/arojas/Projects/DemoUnitTestAngular/node_modules/.staging/angular-route-9fbad24e/node_modules
263 silly gentlyRm /home/arojas/Projects/DemoUnitTestAngular/node_modules/.staging/angular-mocks-62cffb2d/node_modules is being purged
264 verbose gentlyRm don't care about contents; nuking /home/arojas/Projects/DemoUnitTestAngular/node_modules/.staging/angular-mocks-62cffb2d/node_modules
265 silly gentlyRm /home/arojas/Projects/DemoUnitTestAngular/node_modules/.staging/http-server-7aaa30c1/node_modules is being purged
266 verbose gentlyRm don't care about contents; nuking /home/arojas/Projects/DemoUnitTestAngular/node_modules/.staging/http-server-7aaa30c1/node_modules
267 silly doParallel preinstall 4
268 silly preinstall angular-mocks@1.5.8 /home/arojas/Projects/DemoUnitTestAngular/node_modules/.staging/angular-mocks-62cffb2d
269 info lifecycle angular-mocks@1.5.8~preinstall: angular-mocks@1.5.8
270 silly preinstall angular-route@1.5.8 /home/arojas/Projects/DemoUnitTestAngular/node_modules/.staging/angular-route-9fbad24e
271 info lifecycle angular-route@1.5.8~preinstall: angular-route@1.5.8
272 silly preinstall http-server@0.9.0 /home/arojas/Projects/DemoUnitTestAngular/node_modules/.staging/http-server-7aaa30c1
273 info lifecycle http-server@0.9.0~preinstall: http-server@0.9.0
274 silly preinstall jasmine@2.4.1 /home/arojas/Projects/DemoUnitTestAngular/node_modules/.staging/jasmine-ff46e4ae
275 info lifecycle jasmine@2.4.1~preinstall: jasmine@2.4.1
276 silly lifecycle angular-mocks@1.5.8~preinstall: no script for preinstall, continuing
277 silly lifecycle angular-route@1.5.8~preinstall: no script for preinstall, continuing
278 silly lifecycle http-server@0.9.0~preinstall: no script for preinstall, continuing
279 silly lifecycle jasmine@2.4.1~preinstall: no script for preinstall, continuing
280 silly doReverseSerial remove 0
281 silly doSerial move 0
282 silly doSerial finalize 4
283 silly finalize /home/arojas/Projects/DemoUnitTestAngular/node_modules/angular-mocks
284 silly finalize /home/arojas/Projects/DemoUnitTestAngular/node_modules/angular-route
285 silly finalize /home/arojas/Projects/DemoUnitTestAngular/node_modules/http-server
286 silly finalize /home/arojas/Projects/DemoUnitTestAngular/node_modules/jasmine
287 verbose unlock done using /home/arojas/.npm/_locks/staging-49be0d204e585f45.lock for /home/arojas/Projects/DemoUnitTestAngular/node_modules/.staging
288 silly rollbackFailedOptional Starting
289 silly rollbackFailedOptional Finishing
290 silly runTopLevelLifecycles Starting
291 silly runTopLevelLifecycles Finishing
292 silly install printInstalled
293 warn optional Skipping failed optional dependency /chokidar/fsevents:
294 warn notsup Not compatible with your operating system or architecture: fsevents@1.0.14
295 warn demounittestangular@1.0.0 No description
296 verbose stack Error: EACCES, rename '/home/arojas/Projects/DemoUnitTestAngular/node_modules/.jasmine.DELETE/node_modules/glob'
296 verbose stack     at /usr/local/lib/node_modules/npm/lib/install/action/finalize.js:64:7
296 verbose stack     at /usr/local/lib/node_modules/npm/node_modules/slide/lib/async-map.js:52:35
296 verbose stack     at Array.forEach (native)
296 verbose stack     at /usr/local/lib/node_modules/npm/node_modules/slide/lib/async-map.js:52:11
296 verbose stack     at Array.forEach (native)
296 verbose stack     at asyncMap (/usr/local/lib/node_modules/npm/node_modules/slide/lib/async-map.js:51:8)
296 verbose stack     at moveModules (/usr/local/lib/node_modules/npm/lib/install/action/finalize.js:61:5)
296 verbose stack     at /usr/local/lib/node_modules/npm/lib/install/action/finalize.js:56:70
296 verbose stack     at /usr/local/lib/node_modules/npm/node_modules/mkdirp/index.js:30:20
296 verbose stack     at Object.oncomplete (fs.js:107:15)
296 verbose stack
296 verbose stack Error: EACCES, rename '/home/arojas/Projects/DemoUnitTestAngular/node_modules/.jasmine.DELETE/node_modules/glob'
297 verbose cwd /home/arojas/Projects/DemoUnitTestAngular
298 error Linux 4.2.0-42-generic
299 error argv "node" "/usr/local/bin/npm" "install" "angular" "--save"
300 error node v0.10.25
301 error npm  v3.9.0
302 error path /home/arojas/Projects/DemoUnitTestAngular/node_modules/.jasmine.DELETE/node_modules/glob
303 error code EACCES
304 error errno 3
305 error Error: EACCES, rename '/home/arojas/Projects/DemoUnitTestAngular/node_modules/.jasmine.DELETE/node_modules/glob'
305 error     at /usr/local/lib/node_modules/npm/lib/install/action/finalize.js:64:7
305 error     at /usr/local/lib/node_modules/npm/node_modules/slide/lib/async-map.js:52:35
305 error     at Array.forEach (native)
305 error     at /usr/local/lib/node_modules/npm/node_modules/slide/lib/async-map.js:52:11
305 error     at Array.forEach (native)
305 error     at asyncMap (/usr/local/lib/node_modules/npm/node_modules/slide/lib/async-map.js:51:8)
305 error     at moveModules (/usr/local/lib/node_modules/npm/lib/install/action/finalize.js:61:5)
305 error     at /usr/local/lib/node_modules/npm/lib/install/action/finalize.js:56:70
305 error     at /usr/local/lib/node_modules/npm/node_modules/mkdirp/index.js:30:20
305 error     at Object.oncomplete (fs.js:107:15)
305 error
305 error Error: EACCES, rename '/home/arojas/Projects/DemoUnitTestAngular/node_modules/.jasmine.DELETE/node_modules/glob'
305 error  { parent: 'demounittestangular' }
306 error Please try running this command again as root/Administrator.
307 verbose exit [ 3, true ]
